<?xml version="1.0" encoding="UTF-8"?>
<testng-results ignored="0" total="4" passed="3" failed="1" skipped="0">
  <reporter-output>
  </reporter-output>
  <suite started-at="2024-05-17T00:35:30 IST" name="BrowserStackSuite" finished-at="2024-05-17T00:36:37 IST" duration-ms="67154">
    <groups>
    </groups>
    <test started-at="2024-05-17T00:35:30 IST" name="TestOnChromeWindows" finished-at="2024-05-17T00:35:45 IST" duration-ms="15723">
      <class name="testbrowsertest.RunOnBrowserStack">
        <test-method is-config="true" signature="setUp(java.lang.String,java.lang.String,java.lang.String,java.lang.String)[pri:0, instance:testbrowsertest.RunOnBrowserStack@59474f18]" started-at="2024-05-17T00:35:30 IST" name="setUp" finished-at="2024-05-17T00:35:34 IST" duration-ms="4723" status="PASS">
          <params>
            <param index="0">
              <value>
                <![CDATA[chrome]]>
              </value>
            </param>
            <param index="1">
              <value>
                <![CDATA[120]]>
              </value>
            </param>
            <param index="2">
              <value>
                <![CDATA[Windows]]>
              </value>
            </param>
            <param index="3">
              <value>
                <![CDATA[10]]>
              </value>
            </param>
          </params>
          <reporter-output>
          </reporter-output>
        </test-method> <!-- setUp -->
        <test-method signature="testSite1()[pri:0, instance:testbrowsertest.RunOnBrowserStack@59474f18]" started-at="2024-05-17T00:35:34 IST" name="testSite1" finished-at="2024-05-17T00:35:37 IST" duration-ms="2121" status="PASS">
          <reporter-output>
          </reporter-output>
        </test-method> <!-- testSite1 -->
        <test-method is-config="true" signature="setUp(java.lang.String,java.lang.String,java.lang.String,java.lang.String)[pri:0, instance:testbrowsertest.RunOnBrowserStack@59474f18]" started-at="2024-05-17T00:35:37 IST" name="setUp" finished-at="2024-05-17T00:35:41 IST" duration-ms="4746" status="PASS">
          <params>
            <param index="0">
              <value>
                <![CDATA[chrome]]>
              </value>
            </param>
            <param index="1">
              <value>
                <![CDATA[120]]>
              </value>
            </param>
            <param index="2">
              <value>
                <![CDATA[Windows]]>
              </value>
            </param>
            <param index="3">
              <value>
                <![CDATA[10]]>
              </value>
            </param>
          </params>
          <reporter-output>
          </reporter-output>
        </test-method> <!-- setUp -->
        <test-method signature="testSite2()[pri:0, instance:testbrowsertest.RunOnBrowserStack@59474f18]" started-at="2024-05-17T00:35:41 IST" name="testSite2" finished-at="2024-05-17T00:35:45 IST" duration-ms="4046" status="PASS">
          <reporter-output>
          </reporter-output>
        </test-method> <!-- testSite2 -->
      </class> <!-- testbrowsertest.RunOnBrowserStack -->
    </test> <!-- TestOnChromeWindows -->
    <test started-at="2024-05-17T00:35:30 IST" name="TestOnFirefoxMac" finished-at="2024-05-17T00:36:37 IST" duration-ms="67154">
      <class name="testbrowsertest.RunOnBrowserStack">
        <test-method is-config="true" signature="setUp(java.lang.String,java.lang.String,java.lang.String,java.lang.String)[pri:0, instance:testbrowsertest.RunOnBrowserStack@4c178a76]" started-at="2024-05-17T00:35:30 IST" name="setUp" finished-at="2024-05-17T00:35:48 IST" duration-ms="18206" status="PASS">
          <params>
            <param index="0">
              <value>
                <![CDATA[firefox]]>
              </value>
            </param>
            <param index="1">
              <value>
                <![CDATA[89]]>
              </value>
            </param>
            <param index="2">
              <value>
                <![CDATA[Windows]]>
              </value>
            </param>
            <param index="3">
              <value>
                <![CDATA[11]]>
              </value>
            </param>
          </params>
          <reporter-output>
          </reporter-output>
        </test-method> <!-- setUp -->
        <test-method signature="testSite1()[pri:0, instance:testbrowsertest.RunOnBrowserStack@4c178a76]" started-at="2024-05-17T00:35:48 IST" name="testSite1" finished-at="2024-05-17T00:35:50 IST" duration-ms="2042" status="PASS">
          <reporter-output>
          </reporter-output>
        </test-method> <!-- testSite1 -->
        <test-method is-config="true" signature="setUp(java.lang.String,java.lang.String,java.lang.String,java.lang.String)[pri:0, instance:testbrowsertest.RunOnBrowserStack@4c178a76]" started-at="2024-05-17T00:35:50 IST" name="setUp" finished-at="2024-05-17T00:36:33 IST" duration-ms="42875" status="PASS">
          <params>
            <param index="0">
              <value>
                <![CDATA[firefox]]>
              </value>
            </param>
            <param index="1">
              <value>
                <![CDATA[89]]>
              </value>
            </param>
            <param index="2">
              <value>
                <![CDATA[Windows]]>
              </value>
            </param>
            <param index="3">
              <value>
                <![CDATA[11]]>
              </value>
            </param>
          </params>
          <reporter-output>
          </reporter-output>
        </test-method> <!-- setUp -->
        <test-method signature="testSite2()[pri:0, instance:testbrowsertest.RunOnBrowserStack@4c178a76]" started-at="2024-05-17T00:36:33 IST" name="testSite2" finished-at="2024-05-17T00:36:37 IST" duration-ms="3945" status="FAIL">
          <exception class="java.lang.AssertionError">
            <message>
              <![CDATA[The following asserts failed:
Title not matching expected [OrangeHRM | Sign In] but found [OrangeHRM]]]>
            </message>
            <full-stacktrace>
              <![CDATA[java.lang.AssertionError: The following asserts failed:
Title not matching expected [OrangeHRM | Sign In] but found [OrangeHRM]
at org.testng.asserts.SoftAssert.assertAll(SoftAssert.java:46)
at org.testng.asserts.SoftAssert.assertAll(SoftAssert.java:30)
at testbrowsertest.RunOnBrowserStack.testSite2(RunOnBrowserStack.java:59)
at java.base/jdk.internal.reflect.DirectMethodHandleAccessor.invoke(DirectMethodHandleAccessor.java:103)
at java.base/java.lang.reflect.Method.invoke(Method.java:580)
at org.testng.internal.invokers.MethodInvocationHelper.invokeMethod(MethodInvocationHelper.java:141)
at org.testng.internal.invokers.TestInvoker.invokeMethod(TestInvoker.java:686)
at org.testng.internal.invokers.TestInvoker.invokeTestMethod(TestInvoker.java:230)
at org.testng.internal.invokers.MethodRunner.runInSequence(MethodRunner.java:63)
at org.testng.internal.invokers.TestInvoker$MethodInvocationAgent.invoke(TestInvoker.java:992)
at org.testng.internal.invokers.TestInvoker.invokeTestMethods(TestInvoker.java:203)
at org.testng.internal.invokers.TestMethodWorker.invokeTestMethods(TestMethodWorker.java:154)
at org.testng.internal.invokers.TestMethodWorker.run(TestMethodWorker.java:134)
at java.base/java.util.ArrayList.forEach(ArrayList.java:1597)
at org.testng.TestRunner.privateRun(TestRunner.java:739)
at org.testng.TestRunner.run(TestRunner.java:614)
at org.testng.SuiteRunner.runTest(SuiteRunner.java:421)
at org.testng.SuiteRunner$SuiteWorker.run(SuiteRunner.java:463)
at org.testng.internal.thread.ThreadUtil.lambda$execute$0(ThreadUtil.java:64)
at java.base/java.util.concurrent.FutureTask.run(FutureTask.java:317)
at java.base/java.util.concurrent.ThreadPoolExecutor.runWorker(ThreadPoolExecutor.java:1144)
at java.base/java.util.concurrent.ThreadPoolExecutor$Worker.run(ThreadPoolExecutor.java:642)
at java.base/java.lang.Thread.run(Thread.java:1570)
]]>
            </full-stacktrace>
          </exception> <!-- java.lang.AssertionError -->
          <reporter-output>
          </reporter-output>
        </test-method> <!-- testSite2 -->
      </class> <!-- testbrowsertest.RunOnBrowserStack -->
    </test> <!-- TestOnFirefoxMac -->
  </suite> <!-- BrowserStackSuite -->
</testng-results>
